2025-09-10 13:45:35 | [31mERROR[0m | __main__:initialize:83 | Data downloader initialization failed: 'Config' object has no attribute 'get'
2025-09-10 13:45:35 | [31mERROR[0m | __main__:main:491 | Failed to initialize data downloader
2025-09-10 13:47:35 | [31mERROR[0m | __main__:initialize:83 | Data downloader initialization failed: 'BinanceDataCollector' object has no attribute 'initialize'
2025-09-10 13:47:35 | [31mERROR[0m | __main__:main:491 | Failed to initialize data downloader
2025-09-10 13:48:42 | [31mERROR[0m | __main__:initialize:78 | Failed to initialize storage
2025-09-10 13:48:42 | [31mERROR[0m | __main__:main:493 | Failed to initialize data downloader
2025-09-10 13:49:35 | [31mERROR[0m | __main__:_download_ohlcv_data:204 | OHLCV download failed for BTCUSDT_1m: 'BinanceDataCollector' object has no attribute 'fetch_ohlcv_data'
2025-09-10 13:49:35 | [31mERROR[0m | __main__:download_specific_range:306 | Specific range download failed: 'BinanceDataCollector' object has no attribute 'fetch_ohlcv_data'
2025-09-10 13:59:41 | [31mERROR[0m | __main__:debug_storage:44 | ä¸‹è¼‰å¤±æ•—
2025-09-10 13:59:55 | [31mERROR[0m | __main__:debug_storage:60 | æ¸¬è©¦å¤±æ•—: Error binding parameter 0 - probably unsupported type.
2025-09-10 14:19:28 | [31mERROR[0m | __main__:step_data_download:288 | Data download failed: 'utf-8' codec can't decode byte 0xff in position 0: invalid start byte
2025-09-11 12:31:14 | [31mERROR[0m | __main__:initialize:85 | Data downloader initialization failed: binance GET https://testnet.binance.vision/api/v3/exchangeInfo 451  {
  "code": 0,
  "msg": "Service unavailable from a restricted location according to 'b. Eligibility' in https://www.binance.com/en/terms. Please contact customer service if you believe you received this message in error."
}
2025-09-11 12:31:14 | [31mERROR[0m | __main__:main:491 | Failed to initialize data downloader
2025-09-11 12:45:01 | [31mERROR[0m | __main__:initialize:85 | Data downloader initialization failed: binance GET https://testnet.binance.vision/api/v3/exchangeInfo 451  {
  "code": 0,
  "msg": "Service unavailable from a restricted location according to 'b. Eligibility' in https://www.binance.com/en/terms. Please contact customer service if you believe you received this message in error."
}
2025-09-11 12:45:01 | [31mERROR[0m | __main__:main:491 | Failed to initialize data downloader
2025-09-11 12:45:38 | [31mERROR[0m | __main__:initialize:85 | Data downloader initialization failed: binance GET https://api.binance.com/api/v3/exchangeInfo 451  {
  "code": 0,
  "msg": "Service unavailable from a restricted location according to 'b. Eligibility' in https://www.binance.com/en/terms. Please contact customer service if you believe you received this message in error."
}
2025-09-11 12:45:38 | [31mERROR[0m | __main__:main:491 | Failed to initialize data downloader
2025-09-11 13:01:05 | [31mERROR[0m | __main__:step_data_download:288 | Data download failed: No module named 'asyncpg'
2025-09-11 14:13:13 | [31mERROR[0m | __main__:initialize:85 | Training pipeline initialization failed: binance GET https://testnet.binance.vision/api/v3/exchangeInfo 451  {
  "code": 0,
  "msg": "Service unavailable from a restricted location according to 'b. Eligibility' in https://www.binance.com/en/terms. Please contact customer service if you believe you received this message in error."
}
2025-09-11 14:13:13 | [31mERROR[0m | __main__:main:856 | Failed to initialize training pipeline
2025-09-11 14:15:36 | [31mERROR[0m | __main__:initialize:89 | Training pipeline initialization failed: binance GET https://testnet.binance.vision/api/v3/exchangeInfo 451  {
  "code": 0,
  "msg": "Service unavailable from a restricted location according to 'b. Eligibility' in https://www.binance.com/en/terms. Please contact customer service if you believe you received this message in error."
}
2025-09-11 14:15:36 | [31mERROR[0m | __main__:main:862 | Failed to initialize training pipeline
2025-09-11 14:22:08 | [31mERROR[0m | __main__:optimize_features_with_optuna:808 | Feature optimization with Optuna failed: No module named 'src.utils.version_manager'
2025-09-11 14:22:47 | [31mERROR[0m | __main__:optimize_features_with_optuna:827 | Feature optimization with Optuna failed: No module named 'src.utils.version_manager'
2025-09-11 14:24:02 | [31mERROR[0m | __main__:optimize_features_with_optuna:827 | Feature optimization with Optuna failed: No module named 'src.features.feature_engineering'
2025-09-11 14:25:16 | [31mERROR[0m | __main__:optimize_features_with_optuna:649 | Label generation failed for BTCUSDT_1h
2025-09-11 14:30:03 | [31mERROR[0m | __main__:optimize_features_with_optuna:649 | Label generation failed for BTCUSDT_1h
2025-09-11 14:33:35 | [31mERROR[0m | __main__:_get_or_generate_features:312 | Feature generation/loading failed for BTCUSDT_1h: 'NoneType' object has no attribute 'load_feature_data'
2025-09-16 18:20:12 | [31mERROR[0m | __main__:initialize:88 | Data downloader initialization failed: binance {"code":-2015,"msg":"Invalid API-key, IP, or permissions for action."}
2025-09-16 18:20:12 | [31mERROR[0m | __main__:main:659 | Failed to initialize data downloader
2025-09-16 18:22:19 | [31mERROR[0m | __main__:initialize:88 | Data downloader initialization failed: binance {"code":-2015,"msg":"Invalid API-key, IP, or permissions for action."}
2025-09-16 18:22:19 | [31mERROR[0m | __main__:main:659 | Failed to initialize data downloader
2025-09-20 14:07:52 | [31mERROR[0m | __main__:main:1021 | Single command requires exactly one symbol, timeframe, and model
2025-09-20 14:08:35 | [31mERROR[0m | __main__:_get_or_generate_features:318 | Feature generation/loading failed for BTCUSDT_15m: 'NoneType' object has no attribute 'load_feature_data'
2025-09-20 14:10:06 | [31mERROR[0m | __main__:_get_or_generate_features:318 | Feature generation/loading failed for BTCUSDT_15m: 'NoneType' object has no attribute 'load_feature_data'
2025-09-20 14:17:53 | [31mERROR[0m | __main__:_perform_feature_selection:361 | Feature selection failed for BTCUSDT_15m: 'NoneType' object has no attribute 'select_features'
2025-09-20 14:17:53 | [31mERROR[0m | __main__:_train_symbol_timeframe:262 | lightgbm training failed for BTCUSDT_15m: 'TrainingPipeline' object has no attribute 'model_trainer'
2025-09-20 14:18:14 | [31mERROR[0m | __main__:_perform_feature_selection:361 | Feature selection failed for BTCUSDT_15m: 'NoneType' object has no attribute 'select_features'
2025-09-20 14:18:14 | [31mERROR[0m | __main__:_train_symbol_timeframe:262 | lightgbm training failed for BTCUSDT_15m: 'TrainingPipeline' object has no attribute 'model_trainer'
2025-09-20 14:18:57 | [31mERROR[0m | __main__:_train_symbol_timeframe:262 | lightgbm training failed for BTCUSDT_15m: 'ModelOptimizer' object has no attribute 'train_model'
2025-09-20 14:22:34 | [31mERROR[0m | __main__:_train_symbol_timeframe:262 | lightgbm training failed for BTCUSDT_15m: train_model() got an unexpected keyword argument 'symbol'
2025-09-20 14:56:19 | [31mERROR[0m | __main__:_run_backtrader_backtest:435 | Backtraderå›æ¸¬å¤±æ•—: 'BacktestEngine' object has no attribute 'reset_engine'
2025-09-20 14:56:19 | [31mERROR[0m | __main__:run_single_backtest:135 | å–®æ¬¡å›æ¸¬å¤±æ•—: 'PerformanceAnalyzer' object has no attribute 'analyze_backtest_results'
2025-09-20 14:56:49 | [31mERROR[0m | __main__:_run_backtrader_backtest:435 | Backtraderå›æ¸¬å¤±æ•—: 'BacktestEngine' object has no attribute 'set_cash'
2025-09-20 14:57:29 | [31mERROR[0m | __main__:_run_backtrader_backtest:435 | Backtraderå›æ¸¬å¤±æ•—: 'BacktestEngine' object has no attribute 'set_cash'
2025-09-20 15:06:25 | [31mERROR[0m | __main__:_run_preprocessed_backtest:495 | OHLCVã€ç‰¹å¾å’Œæ ‡ç­¾æ•°æ®æ— æ³•å¯¹é½
2025-09-20 15:07:18 | [31mERROR[0m | __main__:_run_preprocessed_backtest:644 | é¢„å¤„ç†æ•°æ®å›æµ‹å¤±è´¥: only integers, slices (`:`), ellipsis (`...`), numpy.newaxis (`None`) and integer or boolean arrays are valid indices
2025-09-20 15:12:56 | [31mERROR[0m | __main__:_run_preprocessed_backtest:657 | é¢„å¤„ç†æ•°æ®å›æµ‹å¤±è´¥: only integers, slices (`:`), ellipsis (`...`), numpy.newaxis (`None`) and integer or boolean arrays are valid indices
2025-09-20 17:39:27 | [31mERROR[0m | __main__:run_single_backtest:105 | ç‰¹å¾µæˆ–æ¨™ç±¤æ•¸æ“šç‚ºç©ºï¼Œç„¡æ³•åŸ·è¡Œå›æ¸¬
2025-09-20 17:46:18 | [31mERROR[0m | __main__:run_single_backtest:105 | ç‰¹å¾µæˆ–æ¨™ç±¤æ•¸æ“šç‚ºç©ºï¼Œç„¡æ³•åŸ·è¡Œå›æ¸¬
2025-09-22 00:17:10 | [31mERROR[0m | __main__:_prepare_backtest_data:492 | æœªæ‰¾åˆ°é‡é‡‡æ•¸æ“šæ–‡ä»¶: data/raw/BTCUSDT/BTCUSDT_15m_ohlcv.parquet
2025-09-22 00:17:10 | [31mERROR[0m | __main__:run_single_backtest:78 | ç„¡æ³•ç²å– BTCUSDT çš„å›æ¸¬æ•¸æ“š
2025-09-22 00:28:31 | [31mERROR[0m | __main__:_run_preprocessed_backtest:759 | é è™•ç†æ•¸æ“šå›æ¸¬å¤±æ•—: "['return_mean_1', 'return_3_abs', 'return_3', 'return_std_3', 'return_1_abs', 'volume_momentum_5', 'StochRSI_D_21', 'oc_ratio', 'return_mean_3', 'return_5_abs', 'StochRSI_K_21', 'Vol_Ratio_50', 'Vol_MA_50', 'KDJ_D', 'KDJ_J'] not in index"
2025-09-22 00:39:23 | [31mERROR[0m | __main__:_run_preprocessed_backtest:868 | é è™•ç†æ•¸æ“šå›æ¸¬å¤±æ•—: "['return_mean_1', 'return_3_abs', 'return_3', 'return_std_3', 'return_1_abs', 'volume_momentum_5', 'StochRSI_D_21', 'oc_ratio', 'return_mean_3', 'return_5_abs', 'StochRSI_K_21', 'Vol_Ratio_50', 'Vol_MA_50', 'KDJ_D', 'KDJ_J'] not in index"
2025-09-22 00:42:11 | [31mERROR[0m | __main__:_run_preprocessed_backtest:887 | é è™•ç†æ•¸æ“šå›æ¸¬å¤±æ•—: "['return_mean_1', 'return_3_abs', 'return_3', 'return_std_3', 'return_1_abs', 'volume_momentum_5', 'StochRSI_D_21', 'oc_ratio', 'return_mean_3', 'return_5_abs', 'StochRSI_K_21', 'Vol_Ratio_50', 'Vol_MA_50', 'KDJ_D', 'KDJ_J'] not in index"
2025-09-22 01:45:20 | [31mERROR[0m | __main__:_run_preprocessed_backtest:624 | æ¨¡å‹æœªåŠ è¼‰
2025-09-22 10:53:34 | [31mERROR[0m | __main__:load_data:105 | æ•¸æ“šåŠ è¼‰å¤±æ•—: 'coroutine' object has no attribute 'empty'
2025-09-22 10:53:34 | [31mERROR[0m | __main__:run_optimization:350 | å„ªåŒ–æµç¨‹å¤±æ•—: 'coroutine' object has no attribute 'empty'
2025-09-22 10:53:34 | [31mERROR[0m | __main__:main:650 | å„ªåŒ–æµç¨‹å¤±æ•—: 'coroutine' object has no attribute 'empty'
2025-09-22 11:02:43 | [31mERROR[0m | __main__:run_backtest:325 | å¢å¼·ç­–ç•¥å›æ¸¬å¤±æ•—: __init__() got an unexpected keyword argument 'commission'
2025-09-22 11:02:47 | [31mERROR[0m | __main__:run_backtest:325 | å¢å¼·ç­–ç•¥å›æ¸¬å¤±æ•—: __init__() got an unexpected keyword argument 'commission'
2025-09-22 11:02:51 | [31mERROR[0m | __main__:run_backtest:325 | å¢å¼·ç­–ç•¥å›æ¸¬å¤±æ•—: __init__() got an unexpected keyword argument 'commission'
2025-09-22 11:02:54 | [31mERROR[0m | __main__:run_backtest:325 | å¢å¼·ç­–ç•¥å›æ¸¬å¤±æ•—: __init__() got an unexpected keyword argument 'commission'
2025-09-22 11:02:58 | [31mERROR[0m | __main__:run_backtest:325 | å¢å¼·ç­–ç•¥å›æ¸¬å¤±æ•—: __init__() got an unexpected keyword argument 'commission'
2025-09-22 11:03:02 | [31mERROR[0m | __main__:run_backtest:325 | å¢å¼·ç­–ç•¥å›æ¸¬å¤±æ•—: __init__() got an unexpected keyword argument 'commission'
2025-09-22 11:03:07 | [31mERROR[0m | __main__:run_backtest:325 | å¢å¼·ç­–ç•¥å›æ¸¬å¤±æ•—: __init__() got an unexpected keyword argument 'commission'
2025-09-22 11:03:11 | [31mERROR[0m | __main__:run_backtest:325 | å¢å¼·ç­–ç•¥å›æ¸¬å¤±æ•—: __init__() got an unexpected keyword argument 'commission'
2025-09-22 11:03:16 | [31mERROR[0m | __main__:run_backtest:325 | å¢å¼·ç­–ç•¥å›æ¸¬å¤±æ•—: __init__() got an unexpected keyword argument 'commission'
2025-09-22 11:03:20 | [31mERROR[0m | __main__:run_backtest:325 | å¢å¼·ç­–ç•¥å›æ¸¬å¤±æ•—: __init__() got an unexpected keyword argument 'commission'
2025-09-22 11:03:24 | [31mERROR[0m | __main__:run_backtest:325 | å¢å¼·ç­–ç•¥å›æ¸¬å¤±æ•—: __init__() got an unexpected keyword argument 'commission'
2025-09-22 11:03:28 | [31mERROR[0m | __main__:run_backtest:325 | å¢å¼·ç­–ç•¥å›æ¸¬å¤±æ•—: __init__() got an unexpected keyword argument 'commission'
2025-09-22 11:03:32 | [31mERROR[0m | __main__:run_backtest:325 | å¢å¼·ç­–ç•¥å›æ¸¬å¤±æ•—: __init__() got an unexpected keyword argument 'commission'
2025-09-22 11:03:36 | [31mERROR[0m | __main__:run_backtest:325 | å¢å¼·ç­–ç•¥å›æ¸¬å¤±æ•—: __init__() got an unexpected keyword argument 'commission'
2025-09-22 11:03:40 | [31mERROR[0m | __main__:run_backtest:325 | å¢å¼·ç­–ç•¥å›æ¸¬å¤±æ•—: __init__() got an unexpected keyword argument 'commission'
2025-09-22 11:03:44 | [31mERROR[0m | __main__:run_backtest:325 | å¢å¼·ç­–ç•¥å›æ¸¬å¤±æ•—: __init__() got an unexpected keyword argument 'commission'
2025-09-22 11:03:48 | [31mERROR[0m | __main__:run_backtest:325 | å¢å¼·ç­–ç•¥å›æ¸¬å¤±æ•—: __init__() got an unexpected keyword argument 'commission'
2025-09-22 11:03:53 | [31mERROR[0m | __main__:run_backtest:325 | å¢å¼·ç­–ç•¥å›æ¸¬å¤±æ•—: __init__() got an unexpected keyword argument 'commission'
2025-09-22 11:03:57 | [31mERROR[0m | __main__:run_backtest:325 | å¢å¼·ç­–ç•¥å›æ¸¬å¤±æ•—: __init__() got an unexpected keyword argument 'commission'
2025-09-22 11:04:01 | [31mERROR[0m | __main__:run_backtest:325 | å¢å¼·ç­–ç•¥å›æ¸¬å¤±æ•—: __init__() got an unexpected keyword argument 'commission'
2025-09-22 11:04:05 | [31mERROR[0m | __main__:run_backtest:325 | å¢å¼·ç­–ç•¥å›æ¸¬å¤±æ•—: __init__() got an unexpected keyword argument 'commission'
2025-09-22 11:04:09 | [31mERROR[0m | __main__:run_backtest:325 | å¢å¼·ç­–ç•¥å›æ¸¬å¤±æ•—: __init__() got an unexpected keyword argument 'commission'
2025-09-22 11:04:13 | [31mERROR[0m | __main__:run_backtest:325 | å¢å¼·ç­–ç•¥å›æ¸¬å¤±æ•—: __init__() got an unexpected keyword argument 'commission'
2025-09-22 11:04:17 | [31mERROR[0m | __main__:run_backtest:325 | å¢å¼·ç­–ç•¥å›æ¸¬å¤±æ•—: __init__() got an unexpected keyword argument 'commission'
2025-09-22 11:04:21 | [31mERROR[0m | __main__:run_backtest:325 | å¢å¼·ç­–ç•¥å›æ¸¬å¤±æ•—: __init__() got an unexpected keyword argument 'commission'
2025-09-22 11:04:25 | [31mERROR[0m | __main__:run_backtest:325 | å¢å¼·ç­–ç•¥å›æ¸¬å¤±æ•—: __init__() got an unexpected keyword argument 'commission'
2025-09-22 11:04:29 | [31mERROR[0m | __main__:run_backtest:325 | å¢å¼·ç­–ç•¥å›æ¸¬å¤±æ•—: __init__() got an unexpected keyword argument 'commission'
2025-09-22 11:04:33 | [31mERROR[0m | __main__:run_backtest:325 | å¢å¼·ç­–ç•¥å›æ¸¬å¤±æ•—: __init__() got an unexpected keyword argument 'commission'
2025-09-22 11:04:37 | [31mERROR[0m | __main__:run_backtest:325 | å¢å¼·ç­–ç•¥å›æ¸¬å¤±æ•—: __init__() got an unexpected keyword argument 'commission'
2025-09-22 11:04:41 | [31mERROR[0m | __main__:run_backtest:325 | å¢å¼·ç­–ç•¥å›æ¸¬å¤±æ•—: __init__() got an unexpected keyword argument 'commission'
2025-09-22 11:04:45 | [31mERROR[0m | __main__:run_backtest:325 | å¢å¼·ç­–ç•¥å›æ¸¬å¤±æ•—: __init__() got an unexpected keyword argument 'commission'
2025-09-22 11:04:49 | [31mERROR[0m | __main__:run_backtest:325 | å¢å¼·ç­–ç•¥å›æ¸¬å¤±æ•—: __init__() got an unexpected keyword argument 'commission'
2025-09-22 11:04:53 | [31mERROR[0m | __main__:run_backtest:325 | å¢å¼·ç­–ç•¥å›æ¸¬å¤±æ•—: __init__() got an unexpected keyword argument 'commission'
2025-09-22 11:04:57 | [31mERROR[0m | __main__:run_backtest:325 | å¢å¼·ç­–ç•¥å›æ¸¬å¤±æ•—: __init__() got an unexpected keyword argument 'commission'
2025-09-22 11:05:02 | [31mERROR[0m | __main__:run_backtest:325 | å¢å¼·ç­–ç•¥å›æ¸¬å¤±æ•—: __init__() got an unexpected keyword argument 'commission'
2025-09-22 11:05:06 | [31mERROR[0m | __main__:run_backtest:325 | å¢å¼·ç­–ç•¥å›æ¸¬å¤±æ•—: __init__() got an unexpected keyword argument 'commission'
2025-09-22 11:05:10 | [31mERROR[0m | __main__:run_backtest:325 | å¢å¼·ç­–ç•¥å›æ¸¬å¤±æ•—: __init__() got an unexpected keyword argument 'commission'
2025-09-22 11:05:15 | [31mERROR[0m | __main__:run_backtest:325 | å¢å¼·ç­–ç•¥å›æ¸¬å¤±æ•—: __init__() got an unexpected keyword argument 'commission'
2025-09-22 11:05:19 | [31mERROR[0m | __main__:run_backtest:325 | å¢å¼·ç­–ç•¥å›æ¸¬å¤±æ•—: __init__() got an unexpected keyword argument 'commission'
2025-09-22 11:05:23 | [31mERROR[0m | __main__:run_backtest:325 | å¢å¼·ç­–ç•¥å›æ¸¬å¤±æ•—: __init__() got an unexpected keyword argument 'commission'
2025-09-22 11:05:28 | [31mERROR[0m | __main__:run_backtest:325 | å¢å¼·ç­–ç•¥å›æ¸¬å¤±æ•—: __init__() got an unexpected keyword argument 'commission'
2025-09-22 11:05:32 | [31mERROR[0m | __main__:run_backtest:325 | å¢å¼·ç­–ç•¥å›æ¸¬å¤±æ•—: __init__() got an unexpected keyword argument 'commission'
2025-09-22 11:05:36 | [31mERROR[0m | __main__:run_backtest:325 | å¢å¼·ç­–ç•¥å›æ¸¬å¤±æ•—: __init__() got an unexpected keyword argument 'commission'
2025-09-22 11:05:40 | [31mERROR[0m | __main__:run_backtest:325 | å¢å¼·ç­–ç•¥å›æ¸¬å¤±æ•—: __init__() got an unexpected keyword argument 'commission'
2025-09-22 11:05:45 | [31mERROR[0m | __main__:run_backtest:325 | å¢å¼·ç­–ç•¥å›æ¸¬å¤±æ•—: __init__() got an unexpected keyword argument 'commission'
2025-09-22 11:05:50 | [31mERROR[0m | __main__:run_backtest:325 | å¢å¼·ç­–ç•¥å›æ¸¬å¤±æ•—: __init__() got an unexpected keyword argument 'commission'
2025-09-22 11:05:55 | [31mERROR[0m | __main__:run_backtest:325 | å¢å¼·ç­–ç•¥å›æ¸¬å¤±æ•—: __init__() got an unexpected keyword argument 'commission'
2025-09-22 11:06:00 | [31mERROR[0m | __main__:run_backtest:325 | å¢å¼·ç­–ç•¥å›æ¸¬å¤±æ•—: __init__() got an unexpected keyword argument 'commission'
2025-09-22 11:06:05 | [31mERROR[0m | __main__:run_backtest:325 | å¢å¼·ç­–ç•¥å›æ¸¬å¤±æ•—: __init__() got an unexpected keyword argument 'commission'
2025-09-22 11:06:09 | [31mERROR[0m | __main__:run_backtest:325 | å¢å¼·ç­–ç•¥å›æ¸¬å¤±æ•—: __init__() got an unexpected keyword argument 'commission'
2025-09-22 11:06:10 | [31mERROR[0m | __main__:run_backtest:325 | å¢å¼·ç­–ç•¥å›æ¸¬å¤±æ•—: __init__() got an unexpected keyword argument 'commission'
2025-09-22 13:17:23 | [31mERROR[0m | __main__:_generate_backtest_report:1412 | ç”Ÿæˆå›æ¸¬å ±å‘Šå¤±æ•—: keys must be str, int, float, bool or None, not Timestamp
2025-09-22 13:34:57 | [31mERROR[0m | __main__:_generate_backtest_report:1452 | ç”Ÿæˆå›æ¸¬å ±å‘Šå¤±æ•—: keys must be str, int, float, bool or None, not Timestamp
2025-09-22 13:37:32 | [31mERROR[0m | __main__:_generate_backtest_report:1452 | ç”Ÿæˆå›æ¸¬å ±å‘Šå¤±æ•—: keys must be str, int, float, bool or None, not Timestamp
2025-09-22 14:07:43 | [31mERROR[0m | __main__:_generate_backtest_report:1452 | ç”Ÿæˆå›æ¸¬å ±å‘Šå¤±æ•—: keys must be str, int, float, bool or None, not Timestamp
2025-09-22 14:08:14 | [31mERROR[0m | __main__:_generate_backtest_report:1452 | ç”Ÿæˆå›æ¸¬å ±å‘Šå¤±æ•—: keys must be str, int, float, bool or None, not Timestamp
2025-09-23 12:29:25 | [31mERROR[0m | __main__:_prepare_backtest_data:562 | æº–å‚™å›æ¸¬æ•¸æ“šå¤±æ•—: Repetition level histogram size mismatch
2025-09-23 12:29:25 | [31mERROR[0m | __main__:run_single_backtest:80 | ç„¡æ³•ç²å– BTCUSDT çš„å›æ¸¬æ•¸æ“š
2025-09-23 12:31:42 | [31mERROR[0m | __main__:_prepare_backtest_data:562 | æº–å‚™å›æ¸¬æ•¸æ“šå¤±æ•—: Repetition level histogram size mismatch
2025-09-23 12:31:42 | [31mERROR[0m | __main__:run_single_backtest:80 | ç„¡æ³•ç²å– BTCUSDT çš„å›æ¸¬æ•¸æ“š
2025-09-23 12:34:03 | [31mERROR[0m | __main__:_prepare_backtest_data:562 | æº–å‚™å›æ¸¬æ•¸æ“šå¤±æ•—: Repetition level histogram size mismatch
2025-09-23 12:34:03 | [31mERROR[0m | __main__:run_single_backtest:80 | ç„¡æ³•ç²å– BTCUSDT çš„å›æ¸¬æ•¸æ“š
2025-09-23 12:36:10 | [31mERROR[0m | __main__:_prepare_backtest_data:562 | æº–å‚™å›æ¸¬æ•¸æ“šå¤±æ•—: Cannot compare tz-naive and tz-aware datetime-like objects.
2025-09-23 12:36:10 | [31mERROR[0m | __main__:run_single_backtest:80 | ç„¡æ³•ç²å– BTCUSDT çš„å›æ¸¬æ•¸æ“š
2025-09-23 12:37:18 | [31mERROR[0m | __main__:_load_preprocessed_features_labels:530 | åŠ è¼‰é è™•ç†æ•¸æ“šå¤±æ•—: Repetition level histogram size mismatch
2025-09-23 12:37:18 | [31mERROR[0m | __main__:run_single_backtest:115 | ç‰¹å¾µæˆ–æ¨™ç±¤æ•¸æ“šç‚ºç©ºï¼Œç„¡æ³•åŸ·è¡Œå›æ¸¬
2025-09-23 12:47:26 | [31mERROR[0m | __main__:_load_preprocessed_features_labels:530 | åŠ è¼‰é è™•ç†æ•¸æ“šå¤±æ•—: Repetition level histogram size mismatch
2025-09-23 12:47:26 | [31mERROR[0m | __main__:run_single_backtest:115 | ç‰¹å¾µæˆ–æ¨™ç±¤æ•¸æ“šç‚ºç©ºï¼Œç„¡æ³•åŸ·è¡Œå›æ¸¬
2025-09-23 12:48:13 | [31mERROR[0m | __main__:_generate_backtest_report:1577 | ç”Ÿæˆå›æ¸¬å ±å‘Šå¤±æ•—: keys must be str, int, float, bool or None, not Timestamp
