2025-09-19 14:19:41 | [32mINFO[0m | src.features.old_feature_generator:__init__:719 | AdaptiveFeatureEngineering initialized for 15m
2025-09-19 14:19:41 | [32mINFO[0m | src.features.old_feature_generator:__init__:786 | FeatureEngineering initialized for 15m (multiplier: 15)
2025-09-19 14:19:42 | [32mINFO[0m | src.features.old_feature_generator:generate_all_features:809 | Starting comprehensive feature generation
2025-09-19 14:19:43 | [32mINFO[0m | src.features.old_feature_generator:generate_all_features:848 | Generated 154 features for 105134 samples
2025-09-19 14:21:54 | [32mINFO[0m | src.features.old_feature_generator:__init__:719 | AdaptiveFeatureEngineering initialized for 15m
2025-09-19 14:21:54 | [32mINFO[0m | src.features.old_feature_generator:__init__:786 | FeatureEngineering initialized for 15m (multiplier: 15)
2025-09-19 14:30:45 | [32mINFO[0m | src.features.old_feature_generator:__init__:719 | AdaptiveFeatureEngineering initialized for 15m
2025-09-19 14:30:45 | [32mINFO[0m | src.features.old_feature_generator:__init__:786 | FeatureEngineering initialized for 15m (multiplier: 15)
2025-09-19 16:57:23 | [32mINFO[0m | src.features.old_feature_generator:__init__:719 | AdaptiveFeatureEngineering initialized for 15m
2025-09-19 16:57:23 | [32mINFO[0m | src.features.old_feature_generator:__init__:786 | FeatureEngineering initialized for 15m (multiplier: 15)
2025-09-19 16:59:09 | [32mINFO[0m | src.features.old_feature_generator:__init__:719 | AdaptiveFeatureEngineering initialized for 15m
2025-09-19 16:59:09 | [32mINFO[0m | src.features.old_feature_generator:__init__:786 | FeatureEngineering initialized for 15m (multiplier: 15)
2025-09-19 17:02:53 | [32mINFO[0m | src.features.old_feature_generator:__init__:719 | AdaptiveFeatureEngineering initialized for 15m
2025-09-19 17:02:53 | [32mINFO[0m | src.features.old_feature_generator:__init__:786 | FeatureEngineering initialized for 15m (multiplier: 15)
2025-09-19 17:06:29 | [32mINFO[0m | src.features.old_feature_generator:__init__:719 | AdaptiveFeatureEngineering initialized for 15m
2025-09-19 17:06:29 | [32mINFO[0m | src.features.old_feature_generator:__init__:786 | FeatureEngineering initialized for 15m (multiplier: 15)
2025-09-19 18:34:28 | [32mINFO[0m | src.features.old_feature_generator:__init__:719 | AdaptiveFeatureEngineering initialized for 1h
2025-09-19 18:34:28 | [32mINFO[0m | src.features.old_feature_generator:__init__:786 | FeatureEngineering initialized for 1h (multiplier: 60)
2025-09-20 14:55:00 | [32mINFO[0m | src.features.old_feature_generator:__init__:719 | AdaptiveFeatureEngineering initialized for 1h
2025-09-20 14:55:00 | [32mINFO[0m | src.features.old_feature_generator:__init__:786 | FeatureEngineering initialized for 1h (multiplier: 60)
2025-09-20 14:55:33 | [32mINFO[0m | src.features.old_feature_generator:__init__:719 | AdaptiveFeatureEngineering initialized for 1h
2025-09-20 14:55:33 | [32mINFO[0m | src.features.old_feature_generator:__init__:786 | FeatureEngineering initialized for 1h (multiplier: 60)
2025-09-20 14:56:18 | [32mINFO[0m | src.features.old_feature_generator:__init__:719 | AdaptiveFeatureEngineering initialized for 1h
2025-09-20 14:56:18 | [32mINFO[0m | src.features.old_feature_generator:__init__:786 | FeatureEngineering initialized for 1h (multiplier: 60)
2025-09-20 14:56:18 | [32mINFO[0m | src.features.old_feature_generator:generate_all_features:809 | Starting comprehensive feature generation
2025-09-20 14:56:19 | [32mINFO[0m | src.features.old_feature_generator:generate_all_features:848 | Generated 154 features for 45249 samples
2025-09-20 14:56:48 | [32mINFO[0m | src.features.old_feature_generator:__init__:719 | AdaptiveFeatureEngineering initialized for 1h
2025-09-20 14:56:48 | [32mINFO[0m | src.features.old_feature_generator:__init__:786 | FeatureEngineering initialized for 1h (multiplier: 60)
2025-09-20 14:56:48 | [32mINFO[0m | src.features.old_feature_generator:generate_all_features:809 | Starting comprehensive feature generation
2025-09-20 14:56:49 | [32mINFO[0m | src.features.old_feature_generator:generate_all_features:848 | Generated 154 features for 45249 samples
2025-09-20 14:57:28 | [32mINFO[0m | src.features.old_feature_generator:__init__:719 | AdaptiveFeatureEngineering initialized for 1h
2025-09-20 14:57:28 | [32mINFO[0m | src.features.old_feature_generator:__init__:786 | FeatureEngineering initialized for 1h (multiplier: 60)
2025-09-20 14:57:28 | [32mINFO[0m | src.features.old_feature_generator:generate_all_features:809 | Starting comprehensive feature generation
2025-09-20 14:57:29 | [32mINFO[0m | src.features.old_feature_generator:generate_all_features:848 | Generated 154 features for 45249 samples
2025-09-20 14:58:00 | [32mINFO[0m | src.features.old_feature_generator:__init__:719 | AdaptiveFeatureEngineering initialized for 1h
2025-09-20 14:58:00 | [32mINFO[0m | src.features.old_feature_generator:__init__:786 | FeatureEngineering initialized for 1h (multiplier: 60)
2025-09-20 14:58:00 | [32mINFO[0m | src.features.old_feature_generator:generate_all_features:809 | Starting comprehensive feature generation
2025-09-20 14:58:00 | [32mINFO[0m | src.features.old_feature_generator:generate_all_features:848 | Generated 154 features for 45249 samples
2025-09-20 14:59:39 | [32mINFO[0m | src.features.old_feature_generator:__init__:719 | AdaptiveFeatureEngineering initialized for 1h
2025-09-20 14:59:39 | [32mINFO[0m | src.features.old_feature_generator:__init__:786 | FeatureEngineering initialized for 1h (multiplier: 60)
2025-09-20 14:59:39 | [32mINFO[0m | src.features.old_feature_generator:generate_all_features:809 | Starting comprehensive feature generation
2025-09-20 14:59:41 | [32mINFO[0m | src.features.old_feature_generator:generate_all_features:848 | Generated 154 features for 105134 samples
2025-09-20 15:06:25 | [32mINFO[0m | src.features.old_feature_generator:__init__:719 | AdaptiveFeatureEngineering initialized for 1h
2025-09-20 15:06:25 | [32mINFO[0m | src.features.old_feature_generator:__init__:786 | FeatureEngineering initialized for 1h (multiplier: 60)
2025-09-20 15:07:18 | [32mINFO[0m | src.features.old_feature_generator:__init__:719 | AdaptiveFeatureEngineering initialized for 1h
2025-09-20 15:07:18 | [32mINFO[0m | src.features.old_feature_generator:__init__:786 | FeatureEngineering initialized for 1h (multiplier: 60)
2025-09-20 15:12:56 | [32mINFO[0m | src.features.old_feature_generator:__init__:719 | AdaptiveFeatureEngineering initialized for 1h
2025-09-20 15:12:56 | [32mINFO[0m | src.features.old_feature_generator:__init__:786 | FeatureEngineering initialized for 1h (multiplier: 60)
2025-09-20 15:14:39 | [32mINFO[0m | src.features.old_feature_generator:__init__:719 | AdaptiveFeatureEngineering initialized for 1h
2025-09-20 15:14:39 | [32mINFO[0m | src.features.old_feature_generator:__init__:786 | FeatureEngineering initialized for 1h (multiplier: 60)
